Tue Aug 28 2018 22:23:42 GMT+0530 (India Standard Time): GET /
Tue Aug 28 2018 22:23:53 GMT+0530 (India Standard Time): GET /posts
Tue Aug 28 2018 22:23:53 GMT+0530 (India Standard Time): GET /posts
Tue Aug 28 2018 22:23:59 GMT+0530 (India Standard Time): GET /posts
Wed Aug 29 2018 10:01:47 GMT+0530 (India Standard Time): GET /
Wed Aug 29 2018 10:01:48 GMT+0530 (India Standard Time): GET /favicon.ico
Wed Aug 29 2018 10:01:50 GMT+0530 (India Standard Time): GET /auth/google
Wed Aug 29 2018 10:01:55 GMT+0530 (India Standard Time): GET /auth/google/callback?code=4/SgAulnsamz1tsu3JdaL-iCG69aCVE3Osot-Dhxs0Jw83NlqkgaFjD4q0KNtOlGOOSwwolUvD4hydu4cKiejmJs8
Wed Aug 29 2018 10:01:57 GMT+0530 (India Standard Time): GET /dashboard
Wed Aug 29 2018 10:02:02 GMT+0530 (India Standard Time): GET /posts/edit/5b850a96bc05151618ff0c21
Wed Aug 29 2018 10:02:07 GMT+0530 (India Standard Time): PUT /posts/5b850a96bc05151618ff0c21?_method=PUT
Wed Aug 29 2018 10:02:08 GMT+0530 (India Standard Time): PUT /posts/5b850a96bc05151618ff0c21?_method=PUT
Wed Aug 29 2018 10:02:08 GMT+0530 (India Standard Time): GET /dashboard
Wed Aug 29 2018 10:02:11 GMT+0530 (India Standard Time): GET /posts/edit/5b850a96bc05151618ff0c21
Wed Aug 29 2018 10:08:21 GMT+0530 (India Standard Time): GET /posts/edit/5b850a96bc05151618ff0c21
Wed Aug 29 2018 10:08:21 GMT+0530 (India Standard Time): GET /
Wed Aug 29 2018 10:08:22 GMT+0530 (India Standard Time): GET /auth/google
Wed Aug 29 2018 10:08:30 GMT+0530 (India Standard Time): GET /auth/google/callback?code=4/SgA9JOE_CWYH6yN9CEfGWkHr1-UK_eeG6doTIhiaTxRHy_fQ67YF7c8sGE-yPyIgs18Hg6bnAPoUJjjnYfO4dU0
Wed Aug 29 2018 10:08:34 GMT+0530 (India Standard Time): GET /dashboard
Wed Aug 29 2018 10:08:37 GMT+0530 (India Standard Time): GET /posts/edit/5b850a96bc05151618ff0c21
Wed Aug 29 2018 10:08:53 GMT+0530 (India Standard Time): GET /
Wed Aug 29 2018 10:08:55 GMT+0530 (India Standard Time): GET /dashboard
Wed Aug 29 2018 10:15:32 GMT+0530 (India Standard Time): GET /dashboard
Wed Aug 29 2018 10:15:32 GMT+0530 (India Standard Time): GET /
Wed Aug 29 2018 10:16:25 GMT+0530 (India Standard Time): GET /auth/google
Wed Aug 29 2018 10:16:25 GMT+0530 (India Standard Time): GET /auth/google
Wed Aug 29 2018 10:16:35 GMT+0530 (India Standard Time): GET /auth/google/callback?code=4/SgBWDbRW-Y4mpdIv8hhubOQuARtcn66El-Ih7HjJQEVrgCiTRztfe6wGSEBr26I78n5jpUfbXJPT80KaXxRX2SE
Wed Aug 29 2018 10:16:37 GMT+0530 (India Standard Time): GET /dashboard
Wed Aug 29 2018 10:16:40 GMT+0530 (India Standard Time): GET /posts
Wed Aug 29 2018 10:16:42 GMT+0530 (India Standard Time): GET /posts/show/5b850a8bbc05151618ff0c20
Wed Aug 29 2018 10:16:44 GMT+0530 (India Standard Time): GET /posts/show/5b850a8bbc05151618ff0c20
Wed Aug 29 2018 10:16:46 GMT+0530 (India Standard Time): GET /posts/edit/5b850a8bbc05151618ff0c20
Wed Aug 29 2018 10:16:49 GMT+0530 (India Standard Time): GET /posts/show/5b850444dcccd7223c8ea38c
Wed Aug 29 2018 10:17:58 GMT+0530 (India Standard Time): GET /dashboard
Wed Aug 29 2018 10:18:00 GMT+0530 (India Standard Time): GET /posts
Wed Aug 29 2018 10:19:00 GMT+0530 (India Standard Time): GET /posts
Wed Aug 29 2018 10:19:03 GMT+0530 (India Standard Time): GET /posts/edit/5b850a8bbc05151618ff0c20
